#
# There is insufficient memory for the Java Runtime Environment to continue.
# Native memory allocation (malloc) failed to allocate 1048576 bytes for AllocateHeap
# Possible reasons:
#   The system is out of physical RAM or swap space
#   In 32 bit mode, the process size limit was hit
# Possible solutions:
#   Reduce memory load on the system
#   Increase physical memory or swap space
#   Check if swap backing store is full
#   Use 64 bit Java on a 64 bit OS
#   Decrease Java heap size (-Xmx/-Xms)
#   Decrease number of Java threads
#   Decrease Java thread stack sizes (-Xss)
#   Set larger code cache with -XX:ReservedCodeCacheSize=
# This output file may be truncated or incomplete.
#
#  Out of Memory Error (memory/allocation.inline.hpp:61), pid=9240, tid=0x0000000000000dbc
#
# JRE version:  (8.0_76-b03) (build )
# Java VM: OpenJDK 64-Bit Server VM (25.76-b03 mixed mode windows-amd64 compressed oops)
# Failed to write core dump. Minidumps are not enabled by default on client versions of Windows
#

---------------  T H R E A D  ---------------

Current thread (0x0000000002300800):  JavaThread "Unknown thread" [_thread_in_vm, id=3516, stack(0x0000000002100000,0x0000000002200000)]

Stack: [0x0000000002100000,0x0000000002200000]
[error occurred during error reporting (printing stack bounds), id 0xc0000005]

Native frames: (J=compiled Java code, j=interpreted, Vv=VM code, C=native code)


---------------  P R O C E S S  ---------------

Java Threads: ( => current thread )

Other Threads:

=>0x0000000002300800 (exited) JavaThread "Unknown thread" [_thread_in_vm, id=3516, stack(0x0000000002100000,0x0000000002200000)]

VM state:not at safepoint (normal execution)

VM Mutex/Monitor currently owned by a thread: None

Heap:
 PSYoungGen      total 36864K, used 634K [0x00000000eab00000, 0x00000000ed400000, 0x0000000100000000)
  eden space 31744K, 2% used [0x00000000eab00000,0x00000000eab9eb90,0x00000000eca00000)
  from space 5120K, 0% used [0x00000000ecf00000,0x00000000ecf00000,0x00000000ed400000)
  to   space 5120K, 0% used [0x00000000eca00000,0x00000000eca00000,0x00000000ecf00000)
 ParOldGen       total 84992K, used 0K [0x00000000c0000000, 0x00000000c5300000, 0x00000000eab00000)
  object space 84992K, 0% used [0x00000000c0000000,0x00000000c0000000,0x00000000c5300000)
 Metaspace       used 783K, capacity 1156K, committed 1408K, reserved 1060864K
  class space    used 73K, capacity 384K, committed 384K, reserved 1048576K

Card table byte_map: [0x00000000117c0000,0x00000000119d0000] byte_map_base: 0x00000000111c0000

Marking Bits: (ParMarkBitMap*) 0x0000000074519d00
 Begin Bits: [0x0000000011f30000, 0x0000000012f30000)
 End Bits:   [0x0000000012f30000, 0x0000000013f30000)

Polling page: 0x0000000001ce0000

CodeCache: size=245760Kb used=328Kb max_used=328Kb free=245431Kb
 bounds [0x0000000002400000, 0x0000000002670000, 0x0000000011400000]
 total_blobs=57 nmethods=0 adapters=38
 compilation: enabled

Compilation events (0 events):
No events

GC Heap History (0 events):
No events

Deoptimization events (0 events):
No events

Internal exceptions (0 events):
No events

Events (10 events):
Event: 0.043 loading class java/lang/Short
Event: 0.043 loading class java/lang/Short done
Event: 0.043 loading class java/lang/Integer
Event: 0.043 loading class java/lang/Integer done
Event: 0.043 loading class java/lang/Long
Event: 0.043 loading class java/lang/Long done
Event: 0.044 loading class java/lang/NullPointerException
Event: 0.044 loading class java/lang/NullPointerException done
Event: 0.044 loading class java/lang/ArithmeticException
Event: 0.044 loading class java/lang/ArithmeticException done


Dynamic libraries:
0x00007ff7d0220000 - 0x00007ff7d0251000 	C:\Program Files\Android\Android Studio\jre\bin\java.exe
0x00007fff544c0000 - 0x00007fff54682000 	C:\Windows\SYSTEM32\ntdll.dll
0x00007fff51d90000 - 0x00007fff51e3d000 	C:\Windows\system32\KERNEL32.DLL
0x00007fff51040000 - 0x00007fff5121d000 	C:\Windows\system32\KERNELBASE.dll
0x00007fff54150000 - 0x00007fff541f6000 	C:\Windows\system32\ADVAPI32.dll
0x00007fff53ef0000 - 0x00007fff53f8d000 	C:\Windows\system32\msvcrt.dll
0x00007fff52370000 - 0x00007fff523cb000 	C:\Windows\system32\sechost.dll
0x00007fff52430000 - 0x00007fff52556000 	C:\Windows\system32\RPCRT4.dll
0x00007fff53ff0000 - 0x00007fff5413e000 	C:\Windows\system32\USER32.dll
0x00007fff51eb0000 - 0x00007fff52035000 	C:\Windows\system32\GDI32.dll
0x00007fff4be00000 - 0x00007fff4c074000 	C:\Windows\WinSxS\amd64_microsoft.windows.common-controls_6595b64144ccf1df_6.0.10240.16384_none_f41f7b285750ef43\COMCTL32.dll
0x00007fff54480000 - 0x00007fff544b6000 	C:\Windows\system32\IMM32.DLL
0x00007fff53a90000 - 0x00007fff53bec000 	C:\Windows\system32\MSCTF.dll
0x0000000075b40000 - 0x0000000075c12000 	C:\Program Files\Android\Android Studio\jre\jre\bin\msvcr100.dll
0x0000000073d60000 - 0x0000000074594000 	C:\Program Files\Android\Android Studio\jre\jre\bin\server\jvm.dll
0x00007fff54140000 - 0x00007fff54148000 	C:\Windows\system32\PSAPI.DLL
0x00007fff45760000 - 0x00007fff45769000 	C:\Windows\SYSTEM32\WSOCK32.dll
0x00007fff52050000 - 0x00007fff520b9000 	C:\Windows\system32\WS2_32.dll
0x00007fff51b90000 - 0x00007fff51b98000 	C:\Windows\system32\NSI.dll
0x00007fff4c120000 - 0x00007fff4c143000 	C:\Windows\SYSTEM32\WINMM.dll
0x00007fff4e060000 - 0x00007fff4e06a000 	C:\Windows\SYSTEM32\VERSION.dll
0x00007fff4bdc0000 - 0x00007fff4bdec000 	C:\Windows\SYSTEM32\WINMMBASE.dll
0x00007fff51280000 - 0x00007fff512c4000 	C:\Windows\system32\cfgmgr32.dll
0x00007fff4f7c0000 - 0x00007fff4f7e7000 	C:\Windows\SYSTEM32\DEVOBJ.dll
0x00007fff4cf30000 - 0x00007fff4cf3f000 	C:\Program Files\Android\Android Studio\jre\jre\bin\verify.dll
0x00007fff4afb0000 - 0x00007fff4afd9000 	C:\Program Files\Android\Android Studio\jre\jre\bin\java.dll
0x00007fff44bc0000 - 0x00007fff44bd6000 	C:\Program Files\Android\Android Studio\jre\jre\bin\zip.dll

VM Arguments:
jvm_args: -Djava.awt.headless=true -Xmx1024M -Dfile.encoding=x-windows-949 -Duser.country=KR -Duser.language=ko -Duser.variant 
java_command: com.android.dx.command.Main --dex --force-jumbo --num-threads=4 --multi-dex --output C:\Users\PYOJIHYE\Documents\GitHub\TranslateProgram\app\build\intermediates\transforms\dex\debug\folders\1000\10\instant-run-bootstrap_25e45f13d0583f549669eb36f76e1f3b545d6d37 C:\Users\PYOJIHYE\Documents\GitHub\TranslateProgram\app\build\intermediates\incremental-classes\debug\instant-run-bootstrap.jar
java_class_path (initial): C:\Users\PYOJIHYE\AppData\Local\Android\sdk\build-tools\24.0.0\lib\dx.jar
Launcher Type: SUN_STANDARD

Environment Variables:
PATH=C:\ProgramData\Oracle\Java\javapath;C:\Windows\system32;C:\Windows;C:\Windows\System32\Wbem;C:\Windows\System32\WindowsPowerShell\v1.0\;C:\Program Files (x86)\PuTTY\;C:\Program Files\Git\cmd
USERNAME=PYOJIHYE
OS=Windows_NT
PROCESSOR_IDENTIFIER=Intel64 Family 6 Model 58 Stepping 9, GenuineIntel



---------------  S Y S T E M  ---------------

OS: Windows 10.0 , 64 bit Build 10240 (10.0.10240.16384)

CPU:total 4 (2 cores per cpu, 2 threads per core) family 6 model 58 stepping 9, cmov, cx8, fxsr, mmx, sse, sse2, sse3, ssse3, sse4.1, sse4.2, popcnt, avx, clmul, erms, ht, tsc, tscinvbit, tscinv

Memory: 4k page, physical 8082976k(2017804k free), swap 33248800k(5464k free)

vm_info: OpenJDK 64-Bit Server VM (25.76-b03) for windows-amd64 JRE (1.8.0_76-release-b03), built on Jun 29 2016 19:09:20 by "ralucas" with MS VC++ 10.0 (VS2010)

time: Mon Feb 27 22:19:50 2017
elapsed time: 0 seconds (0d 0h 0m 0s)

